<?xml version="1.0" encoding="UTF-8"?>
<!-- Generated by org.testng.reporters.JUnitReportReporter -->
<testsuite hostname="DESKTOP-GS2VBFK" failures="0" tests="2" name="core.testCases.TC002_HSIMHomePage" time="27.980" errors="0" timestamp="2025-03-19T10:36:11 IST" skipped="0">
  <testcase classname="core.testCases.TC002_HSIMHomePage" name="SelectFunction" time="7.417"/>
  <testcase classname="core.testCases.TC002_HSIMHomePage" name="SelectFunction" time="20.563"/>
</testsuite> <!-- core.testCases.TC002_HSIMHomePage -->
