<?xml version="1.0" encoding="UTF-8"?>
<!-- Generated by org.testng.reporters.JUnitReportReporter -->
<testsuite hostname="DESKTOP-GS2VBFK" failures="0" tests="1" name="core.testCases.TC001_LoginPage" time="13.455" errors="0" timestamp="2025-03-10T16:47:44 IST" skipped="0">
  <testcase classname="core.testCases.TC001_LoginPage" name="verifyLogin" time="13.455"/>
</testsuite> <!-- core.testCases.TC001_LoginPage -->
