<?xml version="1.0" encoding="UTF-8"?>
<!-- Generated by org.testng.reporters.JUnitReportReporter -->
<testsuite hostname="DESKTOP-VJSRHEQ" failures="0" tests="1" name="core.testCases.TC001_LoginPage" time="1.583" errors="0" timestamp="2025-03-28T13:45:05 IST" skipped="0">
  <testcase classname="core.testCases.TC001_LoginPage" name="verifyLogin" time="1.583"/>
</testsuite> <!-- core.testCases.TC001_LoginPage -->
