<?xml version="1.0" encoding="UTF-8"?>
<!-- Generated by org.testng.reporters.JUnitReportReporter -->
<testsuite hostname="DESKTOP-VJSRHEQ" failures="0" tests="2" name="core.testCases.TC001_LoginPage" time="12.169" errors="0" timestamp="2025-04-01T17:16:01 IST" skipped="0">
  <testcase classname="core.testCases.TC001_LoginPage" name="verifyLogin" time="1.552"/>
  <testcase classname="core.testCases.TC001_LoginPage" name="verifyLogin" time="10.617"/>
</testsuite> <!-- core.testCases.TC001_LoginPage -->
