<?xml version="1.0" encoding="UTF-8"?>
<!-- Generated by org.testng.reporters.JUnitReportReporter -->
<testsuite hostname="DESKTOP-VJSRHEQ" failures="0" tests="4" name="core.testCases.TC002_HSIMHomePage" time="5.309" errors="0" timestamp="2025-03-28T13:45:05 IST" skipped="0">
  <testcase classname="core.testCases.TC002_HSIMHomePage" name="runLoopTest" time="0.009"/>
  <testcase classname="core.testCases.TC002_HSIMHomePage" name="runLoopTest" time="0.010"/>
  <testcase classname="core.testCases.TC002_HSIMHomePage" name="runLoopTest" time="0.002"/>
  <testcase classname="core.testCases.TC002_HSIMHomePage" name="runLoopTest" time="5.288"/>
</testsuite> <!-- core.testCases.TC002_HSIMHomePage -->
