<?xml version="1.0" encoding="UTF-8"?>
<!-- Generated by org.testng.reporters.JUnitReportReporter -->
<testsuite hostname="DESKTOP-VJSRHEQ" failures="0" tests="4" name="core.testCases.TC002_HSIMHomePage" time="120.896" errors="0" timestamp="2025-03-28T16:52:06 IST" skipped="0">
  <testcase classname="core.testCases.TC002_HSIMHomePage" name="runLoopTest" time="0.010"/>
  <testcase classname="core.testCases.TC002_HSIMHomePage" name="runLoopTest" time="10.118"/>
  <testcase classname="core.testCases.TC002_HSIMHomePage" name="runLoopTest" time="100.671"/>
  <testcase classname="core.testCases.TC002_HSIMHomePage" name="runLoopTest" time="10.097"/>
</testsuite> <!-- core.testCases.TC002_HSIMHomePage -->
