<?xml version="1.0" encoding="UTF-8"?>
<!-- Generated by org.testng.reporters.JUnitReportReporter -->
<testsuite hostname="DESKTOP-GS2VBFK" failures="0" tests="1" name="core.testCases.TC001_LoginPage" time="5.932" errors="0" timestamp="2025-03-19T10:36:11 IST" skipped="0">
  <testcase classname="core.testCases.TC001_LoginPage" name="verifyLogin" time="5.932"/>
</testsuite> <!-- core.testCases.TC001_LoginPage -->
