<?xml version="1.0" encoding="UTF-8"?>
<!-- Generated by org.testng.reporters.JUnitReportReporter -->
<testsuite hostname="DESKTOP-VJSRHEQ" failures="0" tests="4" name="core.testCases.TC002_HSIMHomePage" time="71.874" errors="0" timestamp="2025-03-26T14:35:32 IST" skipped="0">
  <testcase classname="core.testCases.TC002_HSIMHomePage" name="runLoopTest" time="10.035"/>
  <testcase classname="core.testCases.TC002_HSIMHomePage" name="runLoopTest" time="50.755"/>
  <testcase classname="core.testCases.TC002_HSIMHomePage" name="runLoopTest" time="10.117"/>
  <testcase classname="core.testCases.TC002_HSIMHomePage" name="runLoopTest" time="0.967"/>
</testsuite> <!-- core.testCases.TC002_HSIMHomePage -->
