<?xml version="1.0" encoding="UTF-8"?>
<!-- Generated by org.testng.reporters.JUnitReportReporter -->
<testsuite hostname="DESKTOP-VJSRHEQ" failures="0" tests="1" name="core.testCases.TC001_LoginPage" time="4.752" errors="0" timestamp="2025-03-26T14:35:32 IST" skipped="0">
  <testcase classname="core.testCases.TC001_LoginPage" name="verifyLogin" time="4.752"/>
</testsuite> <!-- core.testCases.TC001_LoginPage -->
