<?xml version="1.0" encoding="UTF-8"?>
<!-- Generated by org.testng.reporters.JUnitReportReporter -->
<testsuite hostname="DESKTOP-GS2VBFK" failures="0" tests="1" name="core.testCases.TC002_HSIMHomePage" time="9.385" errors="0" timestamp="2025-03-17T14:54:03 IST" skipped="0">
  <testcase classname="core.testCases.TC002_HSIMHomePage" name="SelectFunction" time="9.385"/>
</testsuite> <!-- core.testCases.TC002_HSIMHomePage -->
