<?xml version="1.0" encoding="UTF-8"?>
<!-- Generated by org.testng.reporters.JUnitReportReporter -->
<testsuite hostname="DESKTOP-GS2VBFK" failures="0" tests="1" name="core.testCases.TC001_LoginPage" time="3.183" errors="0" timestamp="2025-03-17T14:54:03 IST" skipped="0">
  <testcase classname="core.testCases.TC001_LoginPage" name="verifyLogin" time="3.183"/>
</testsuite> <!-- core.testCases.TC001_LoginPage -->
