<?xml version="1.0" encoding="UTF-8"?>
<!-- Generated by org.testng.reporters.JUnitReportReporter -->
<testsuite hostname="DESKTOP-GS2VBFK" failures="0" tests="1" name="core.testCases.TC002_HSIMHomePage" time="14.121" errors="0" timestamp="2025-03-12T11:26:04 IST" skipped="0">
  <testcase classname="core.testCases.TC002_HSIMHomePage" name="SelectFunction" time="14.121"/>
</testsuite> <!-- core.testCases.TC002_HSIMHomePage -->
