<?xml version="1.0" encoding="UTF-8"?>
<!-- Generated by org.testng.reporters.JUnitReportReporter -->
<testsuite hostname="DESKTOP-GS2VBFK" failures="0" tests="2" name="core.testCases.TC002_HSIMHomePage" time="0.087" errors="0" timestamp="2025-03-19T02:29:16 IST" skipped="0">
  <testcase classname="core.testCases.TC002_HSIMHomePage" name="SelectFunction" time="0.021"/>
  <testcase classname="core.testCases.TC002_HSIMHomePage" name="SelectFunction" time="0.066"/>
</testsuite> <!-- core.testCases.TC002_HSIMHomePage -->
